<?xml version="1.0" encoding="UTF-8"?>
<!-- Generated by org.testng.reporters.JUnitXMLReporter -->
<testsuite ignored="0" hostname="DESKTOP-5QR60D9" failures="0" tests="9" name="TS Board" time="88.024" errors="0" timestamp="2021-08-25T13:48:26 WIB">
  <testcase classname="bigprojectsekolahqa.TSBoardTest" name="tC01createlist" time="33.763"/>
  <testcase classname="bigprojectsekolahqa.TSBoardTest" name="tC02setlistascomplete" time="8.475"/>
  <testcase classname="bigprojectsekolahqa.TSBoardTest" name="tC03unsetlistascomplete" time="7.78"/>
  <testcase classname="bigprojectsekolahqa.TSBoardTest" name="tC04reatecardonthelist" time="5.954"/>
  <testcase classname="bigprojectsekolahqa.TSBoardTest" name="tC05addcardnote" time="5.321"/>
  <testcase classname="bigprojectsekolahqa.TSBoardTest" name="tC06addattachmenttocard" time="5.078"/>
  <testcase classname="bigprojectsekolahqa.TSBoardTest" name="tC07movingcard" time="4.79"/>
  <testcase classname="bigprojectsekolahqa.TSBoardTest" name="tC08addmemberoncard" time="5.342"/>
  <testcase classname="bigprojectsekolahqa.TSBoardTest" name="tC09createnewprivatecard" time="6.632"/>
</testsuite> <!-- TS Board -->
