<?xml version="1.0" encoding="UTF-8"?>
<!-- Generated by org.testng.reporters.JUnitXMLReporter -->
<testsuite ignored="0" hostname="DESKTOP-5QR60D9" failures="0" tests="4" name="TS Group Chat" time="27.494" errors="0" timestamp="2021-08-25T13:48:54 WIB">
  <testcase classname="bigprojectsekolahqa.TSGroupChatTest" name="tC10sendchattogoupchat" time="7.984"/>
  <testcase classname="bigprojectsekolahqa.TSGroupChatTest" name="tC11sendattachmentgroupchat" time="4.773"/>
  <testcase classname="bigprojectsekolahqa.TSGroupChatTest" name="tC12mentionmemberonchat" time="6.831"/>
  <testcase classname="bigprojectsekolahqa.TSGroupChatTest" name="tC13deletesentmessage" time="5.063"/>
</testsuite> <!-- TS Group Chat -->
